0 info it worked if it ends with ok
1 verbose cli [ '/usr/local/bin/node', '/usr/local/bin/npm', 'publish' ]
2 info using npm@1.3.8
3 info using node@v0.10.18
4 verbose publish [ '.' ]
5 verbose cache add [ '.', null ]
6 verbose cache add name=undefined spec="." args=[".",null]
7 verbose parsed url { protocol: null,
7 verbose parsed url   slashes: null,
7 verbose parsed url   auth: null,
7 verbose parsed url   host: null,
7 verbose parsed url   port: null,
7 verbose parsed url   hostname: null,
7 verbose parsed url   hash: null,
7 verbose parsed url   search: null,
7 verbose parsed url   query: null,
7 verbose parsed url   pathname: '.',
7 verbose parsed url   path: '.',
7 verbose parsed url   href: '.' }
8 silly lockFile 3a52ce78- .
9 verbose lock . /home/sigmund/.npm/3a52ce78-.lock
10 silly lockFile 3a52ce78- .
11 silly lockFile 3a52ce78- .
12 error addLocal Could not install .
13 error Error: EACCES, mkdir '/home/sigmund/tmp/npm-6735-FY95FT6d'
13 error  { [Error: EACCES, mkdir '/home/sigmund/tmp/npm-6735-FY95FT6d']
13 error   errno: 3,
13 error   code: 'EACCES',
13 error   path: '/home/sigmund/tmp/npm-6735-FY95FT6d' }
14 error Please try running this command again as root/Administrator.
15 error System Linux 3.5.0-17-generic
16 error command "/usr/local/bin/node" "/usr/local/bin/npm" "publish"
17 error cwd /home/sigmund/war/oppa/crawler
18 error node -v v0.10.18
19 error npm -v 1.3.8
20 error path /home/sigmund/tmp/npm-6735-FY95FT6d
21 error code EACCES
22 error errno 3
23 error stack Error: EACCES, mkdir '/home/sigmund/tmp/npm-6735-FY95FT6d'
24 verbose exit [ 3, true ]
